# JRE version: OpenJDK Runtime Environment (8.0_152-b01) (build 1.8.0_152-release-1343-b01)
# Java VM: OpenJDK 64-Bit Server VM (25.152-b01 mixed mode windows-amd64 compressed oops)
Heap:
 PSYoungGen      total 254976K, used 193378K [0x00000000e0000000, 0x00000000f2600000, 0x0000000100000000)
  eden space 231424K, 73% used [0x00000000e0000000,0x00000000ea5fa6b8,0x00000000ee200000)
  from space 23552K, 99% used [0x00000000ee880000,0x00000000eff5e528,0x00000000eff80000)
  to   space 34816K, 0% used [0x00000000f0400000,0x00000000f0400000,0x00000000f2600000)
 ParOldGen       total 211968K, used 48984K [0x00000000a0000000, 0x00000000acf00000, 0x00000000e0000000)
  object space 211968K, 23% used [0x00000000a0000000,0x00000000a2fd6398,0x00000000acf00000)
 Metaspace       used 79531K, capacity 82614K, committed 82840K, reserved 1122304K
  class space    used 10154K, capacity 10797K, committed 10920K, reserved 1048576K
GC Heap History (10 events):
Event: 9.540 GC heap before
{Heap before GC invocations=12 (full 3):
 PSYoungGen      total 209920K, used 16063K [0x00000000e0000000, 0x00000000f0380000, 0x0000000100000000)
  eden space 190464K, 0% used [0x00000000e0000000,0x00000000e0000000,0x00000000eba00000)
  from space 19456K, 82% used [0x00000000eba00000,0x00000000ec9afd78,0x00000000ecd00000)
  to   space 20480K, 0% used [0x00000000eef80000,0x00000000eef80000,0x00000000f0380000)
 ParOldGen       total 144384K, used 23121K [0x00000000a0000000, 0x00000000a8d00000, 0x00000000e0000000)
  object space 144384K, 16% used [0x00000000a0000000,0x00000000a16944c0,0x00000000a8d00000)
 Metaspace       used 57540K, capacity 59128K, committed 59160K, reserved 1099776K
  class space    used 7617K, capacity 7976K, committed 7976K, reserved 1048576K
Event: 9.757 GC heap after
Heap after GC invocations=12 (full 3):
 PSYoungGen      total 209920K, used 0K [0x00000000e0000000, 0x00000000f0380000, 0x0000000100000000)
  eden space 190464K, 0% used [0x00000000e0000000,0x00000000e0000000,0x00000000eba00000)
  from space 19456K, 0% used [0x00000000eba00000,0x00000000eba00000,0x00000000ecd00000)
  to   space 20480K, 0% used [0x00000000eef80000,0x00000000eef80000,0x00000000f0380000)
 ParOldGen       total 211968K, used 30573K [0x00000000a0000000, 0x00000000acf00000, 0x00000000e0000000)
  object space 211968K, 14% used [0x00000000a0000000,0x00000000a1ddb470,0x00000000acf00000)
 Metaspace       used 57514K, capacity 59040K, committed 59160K, reserved 1099776K
  class space    used 7610K, capacity 7968K, committed 7976K, reserved 1048576K
}
Event: 14.652 GC heap before
{Heap before GC invocations=13 (full 3):
 PSYoungGen      total 209920K, used 190464K [0x00000000e0000000, 0x00000000f0380000, 0x0000000100000000)
  eden space 190464K, 100% used [0x00000000e0000000,0x00000000eba00000,0x00000000eba00000)
  from space 19456K, 0% used [0x00000000eba00000,0x00000000eba00000,0x00000000ecd00000)
  to   space 20480K, 0% used [0x00000000eef80000,0x00000000eef80000,0x00000000f0380000)
 ParOldGen       total 211968K, used 30573K [0x00000000a0000000, 0x00000000acf00000, 0x00000000e0000000)
  object space 211968K, 14% used [0x00000000a0000000,0x00000000a1ddb470,0x00000000acf00000)
 Metaspace       used 68835K, capacity 71026K, committed 71192K, reserved 1110016K
  class space    used 9228K, capacity 9733K, committed 9768K, reserved 1048576K
Event: 14.666 GC heap after
Heap after GC invocations=13 (full 3):
 PSYoungGen      total 232960K, used 17631K [0x00000000e0000000, 0x00000000f0100000, 0x0000000100000000)
  eden space 215040K, 0% used [0x00000000e0000000,0x00000000e0000000,0x00000000ed200000)
  from space 17920K, 98% used [0x00000000eef80000,0x00000000f00b7e60,0x00000000f0100000)
  to   space 22016K, 0% used [0x00000000ed600000,0x00000000ed600000,0x00000000eeb80000)
 ParOldGen       total 211968K, used 30581K [0x00000000a0000000, 0x00000000acf00000, 0x00000000e0000000)
  object space 211968K, 14% used [0x00000000a0000000,0x00000000a1ddd470,0x00000000acf00000)
 Metaspace       used 68835K, capacity 71026K, committed 71192K, reserved 1110016K
  class space    used 9228K, capacity 9733K, committed 9768K, reserved 1048576K
}
Event: 22.520 GC heap before
{Heap before GC invocations=14 (full 3):
 PSYoungGen      total 232960K, used 232671K [0x00000000e0000000, 0x00000000f0100000, 0x0000000100000000)
  eden space 215040K, 100% used [0x00000000e0000000,0x00000000ed200000,0x00000000ed200000)
  from space 17920K, 98% used [0x00000000eef80000,0x00000000f00b7e60,0x00000000f0100000)
  to   space 22016K, 0% used [0x00000000ed600000,0x00000000ed600000,0x00000000eeb80000)
 ParOldGen       total 211968K, used 30581K [0x00000000a0000000, 0x00000000acf00000, 0x00000000e0000000)
  object space 211968K, 14% used [0x00000000a0000000,0x00000000a1ddd470,0x00000000acf00000)
 Metaspace       used 70606K, capacity 72786K, committed 72856K, reserved 1112064K
  class space    used 9319K, capacity 9831K, committed 9896K, reserved 1048576K
Event: 22.552 GC heap after
Heap after GC invocations=14 (full 3):
 PSYoungGen      total 241152K, used 21984K [0x00000000e0000000, 0x00000000f2880000, 0x0000000100000000)
  eden space 219136K, 0% used [0x00000000e0000000,0x00000000e0000000,0x00000000ed600000)
  from space 22016K, 99% used [0x00000000ed600000,0x00000000eeb783b0,0x00000000eeb80000)
  to   space 31744K, 0% used [0x00000000f0980000,0x00000000f0980000,0x00000000f2880000)
 ParOldGen       total 211968K, used 48968K [0x00000000a0000000, 0x00000000acf00000, 0x00000000e0000000)
  object space 211968K, 23% used [0x00000000a0000000,0x00000000a2fd2398,0x00000000acf00000)
 Metaspace       used 70606K, capacity 72786K, committed 72856K, reserved 1112064K
  class space    used 9319K, capacity 9831K, committed 9896K, reserved 1048576K
}
Event: 108.406 GC heap before
{Heap before GC invocations=15 (full 3):
 PSYoungGen      total 241152K, used 241120K [0x00000000e0000000, 0x00000000f2880000, 0x0000000100000000)
  eden space 219136K, 100% used [0x00000000e0000000,0x00000000ed600000,0x00000000ed600000)
  from space 22016K, 99% used [0x00000000ed600000,0x00000000eeb783b0,0x00000000eeb80000)
  to   space 31744K, 0% used [0x00000000f0980000,0x00000000f0980000,0x00000000f2880000)
 ParOldGen       total 211968K, used 48968K [0x00000000a0000000, 0x00000000acf00000, 0x00000000e0000000)
  object space 211968K, 23% used [0x00000000a0000000,0x00000000a2fd2398,0x00000000acf00000)
 Metaspace       used 76798K, capacity 79660K, committed 79896K, reserved 1118208K
  class space    used 9919K, capacity 10486K, committed 10536K, reserved 1048576K
Event: 108.427 GC heap after
Heap after GC invocations=15 (full 3):
 PSYoungGen      total 269824K, used 25158K [0x00000000e0000000, 0x00000000f2b80000, 0x0000000100000000)
  eden space 238080K, 0% used [0x00000000e0000000,0x00000000e0000000,0x00000000ee880000)
  from space 31744K, 79% used [0x00000000f0980000,0x00000000f22119c8,0x00000000f2880000)
  to   space 33792K, 0% used [0x00000000ee880000,0x00000000ee880000,0x00000000f0980000)
 ParOldGen       total 211968K, used 48976K [0x00000000a0000000, 0x00000000acf00000, 0x00000000e0000000)
  object space 211968K, 23% used [0x00000000a0000000,0x00000000a2fd4398,0x00000000acf00000)
 Metaspace       used 76798K, capacity 79660K, committed 79896K, reserved 1118208K
  class space    used 9919K, capacity 10486K, committed 10536K, reserved 1048576K
}
Event: 295.330 GC heap before
{Heap before GC invocations=16 (full 3):
 PSYoungGen      total 269824K, used 263238K [0x00000000e0000000, 0x00000000f2b80000, 0x0000000100000000)
  eden space 238080K, 100% used [0x00000000e0000000,0x00000000ee880000,0x00000000ee880000)
  from space 31744K, 79% used [0x00000000f0980000,0x00000000f22119c8,0x00000000f2880000)
  to   space 33792K, 0% used [0x00000000ee880000,0x00000000ee880000,0x00000000f0980000)
 ParOldGen       total 211968K, used 48976K [0x00000000a0000000, 0x00000000acf00000, 0x00000000e0000000)
  object space 211968K, 23% used [0x00000000a0000000,0x00000000a2fd4398,0x00000000acf00000)
 Metaspace       used 78214K, capacity 81198K, committed 81304K, reserved 1120256K
  class space    used 10007K, capacity 10587K, committed 10664K, reserved 1048576K
Event: 295.345 GC heap after
Heap after GC invocations=16 (full 3):
 PSYoungGen      total 254976K, used 23417K [0x00000000e0000000, 0x00000000f2600000, 0x0000000100000000)
  eden space 231424K, 0% used [0x00000000e0000000,0x00000000e0000000,0x00000000ee200000)
  from space 23552K, 99% used [0x00000000ee880000,0x00000000eff5e528,0x00000000eff80000)
  to   space 34816K, 0% used [0x00000000f0400000,0x00000000f0400000,0x00000000f2600000)
 ParOldGen       total 211968K, used 48984K [0x00000000a0000000, 0x00000000acf00000, 0x00000000e0000000)
  object space 211968K, 23% used [0x00000000a0000000,0x00000000a2fd6398,0x00000000acf00000)
 Metaspace       used 78214K, capacity 81198K, committed 81304K, reserved 1120256K
  class space    used 10007K, capacity 10587K, committed 10664K, reserved 1048576K
}

